0 info it worked if it ends with ok
1 verbose cli [ '/usr/local/bin/node',
1 verbose cli   '/usr/local/bin/npm',
1 verbose cli   'run',
1 verbose cli   'buildClient' ]
2 info using npm@3.10.10
3 info using node@v6.11.2
4 verbose run-script [ 'prebuildClient', 'buildClient', 'postbuildClient' ]
5 info lifecycle fint-javadocs@1.0.0~prebuildClient: fint-javadocs@1.0.0
6 silly lifecycle fint-javadocs@1.0.0~prebuildClient: no script for prebuildClient, continuing
7 info lifecycle fint-javadocs@1.0.0~buildClient: fint-javadocs@1.0.0
8 verbose lifecycle fint-javadocs@1.0.0~buildClient: unsafe-perm in lifecycle true
9 verbose lifecycle fint-javadocs@1.0.0~buildClient: PATH: /usr/local/lib/node_modules/npm/bin/node-gyp-bin:/Users/fsjovatsen/go/src/github.com/FINTprosjektet/fint-tech-docs-service/client/node_modules/.bin:/Users/fsjovatsen/bin:/usr/local/bin:/usr/local/bin:/usr/bin:/bin:/usr/sbin:/sbin:/usr/local/share/dotnet:/usr/local/go/bin:/Library/Frameworks/Mono.framework/Versions/Current/Commands:/Users/fsjovatsen/go/bin:/usr/local/go/bin:/Users/fsjovatsen/go/bin
10 verbose lifecycle fint-javadocs@1.0.0~buildClient: CWD: /Users/fsjovatsen/go/src/github.com/FINTprosjektet/fint-tech-docs-service/client
11 silly lifecycle fint-javadocs@1.0.0~buildClient: Args: [ '-c', 'ng build --prod' ]
12 silly lifecycle fint-javadocs@1.0.0~buildClient: Returned: code: 1  signal: null
13 info lifecycle fint-javadocs@1.0.0~buildClient: Failed to exec buildClient script
14 verbose stack Error: fint-javadocs@1.0.0 buildClient: `ng build --prod`
14 verbose stack Exit status 1
14 verbose stack     at EventEmitter.<anonymous> (/usr/local/lib/node_modules/npm/lib/utils/lifecycle.js:255:16)
14 verbose stack     at emitTwo (events.js:106:13)
14 verbose stack     at EventEmitter.emit (events.js:191:7)
14 verbose stack     at ChildProcess.<anonymous> (/usr/local/lib/node_modules/npm/lib/utils/spawn.js:40:14)
14 verbose stack     at emitTwo (events.js:106:13)
14 verbose stack     at ChildProcess.emit (events.js:191:7)
14 verbose stack     at maybeClose (internal/child_process.js:891:16)
14 verbose stack     at Process.ChildProcess._handle.onexit (internal/child_process.js:226:5)
15 verbose pkgid fint-javadocs@1.0.0
16 verbose cwd /Users/fsjovatsen/go/src/github.com/FINTprosjektet/fint-tech-docs-service/client
17 error Darwin 16.7.0
18 error argv "/usr/local/bin/node" "/usr/local/bin/npm" "run" "buildClient"
19 error node v6.11.2
20 error npm  v3.10.10
21 error code ELIFECYCLE
22 error fint-javadocs@1.0.0 buildClient: `ng build --prod`
22 error Exit status 1
23 error Failed at the fint-javadocs@1.0.0 buildClient script 'ng build --prod'.
23 error Make sure you have the latest version of node.js and npm installed.
23 error If you do, this is most likely a problem with the fint-javadocs package,
23 error not with npm itself.
23 error Tell the author that this fails on your system:
23 error     ng build --prod
23 error You can get information on how to open an issue for this project with:
23 error     npm bugs fint-javadocs
23 error Or if that isn't available, you can get their info via:
23 error     npm owner ls fint-javadocs
23 error There is likely additional logging output above.
24 verbose exit [ 1, true ]
